
	            G L O B A L   R E F E R E N C E S

	             Name               Value        Type
	==============================|=======|===============
	PAC_MAN                          0040         CONSTANT
	MONSTER                          0058         CONSTANT
	BONUS                            0023         CONSTANT
	NOTHING                          0020         CONSTANT
	RANDOM_MASK                      9C16         CONSTANT
	SP_INICIAL                       FDFF         CONSTANT
	DISP7S1                          FFF0         CONSTANT
	DISP7S2                          FFF1         CONSTANT
	DISP7S3                          FFF2         CONSTANT
	LCD_WRITE                        FFF5         CONSTANT
	LCD_CURSOR                       FFF4         CONSTANT
	LEDS                             FFF8         CONSTANT
	INTERRUPTORES                    FFF9         CONSTANT
	IO_CURSOR                        FFFC         CONSTANT
	IO_WRITE                         FFFE         CONSTANT
	LIMPAR_JANELA                    FFFF         CONSTANT
	FIM_TEXTO                        0024         CONSTANT
	TAB_INT0                         FE00         CONSTANT
	TAB_INT2                         FE02         CONSTANT
	TAB_INT4                         FE04         CONSTANT
	TAB_INT6                         FE06         CONSTANT
	TAB_INT8                         FE08         CONSTANT
	TAB_INTA                         FE0A         CONSTANT
	TAB_INTB                         FE0B         CONSTANT
	TAB_INTC                         FE0C         CONSTANT
	TAB_INTTemp                      FE0F         CONSTANT
	PORTMASCARA_INT                  FFFA         CONSTANT
	TempValor                        FFF6         CONSTANT
	TempControlo                     FFF7         CONSTANT
	PacMan                           8000           STRING
	Monsters                         8002           STRING
	MonstersOLD                      8006           STRING
	PacMan_Vidas                     800A         VARIABLE
	PacMan_Pontos                    800B         VARIABLE
	Num_Monsters                     800C         VARIABLE
	RandomWord                       800D         VARIABLE
	VLinha1                          800E           STRING
	VLinha2                          8041           STRING
	VLinha3                          8074           STRING
	VLinha4                          80A7           STRING
	VLinha5                          80DA           STRING
	VLinha6                          810D           STRING
	VLinha7                          8140           STRING
	VLinha8                          8173           STRING
	VLinha9                          81A6           STRING
	VLinha10                         81D9           STRING
	VLinha11                         820C           STRING
	VLinha12                         823F           STRING
	VLinha13                         8272           STRING
	VLinha14                         82A5           STRING
	VLinha15                         82D8           STRING
	Titulo                           830B           STRING
	Vidas                            8328           STRING
	Pontos                           8330           STRING
	LCDLinha0                        8339           STRING
	LCDLinha1                        8341           STRING
	Clock_Tic                        8349         VARIABLE
	N_to_Display                     834A         VARIABLE
	Update_Display                   834B         VARIABLE
	Pausa                            834C         VARIABLE
	Pausa_Pac                        0002            LABEL
	MoveDown_Pac                     000C            LABEL
	MoveLeft_Pac                     0024            LABEL
	MoveRight_Pac                    003C            LABEL
	MoveUp_Pac                       0054            LABEL
	NVALIDA                          007A            LABEL
	Validar_Jogada                   007D            LABEL
	FIM_Validar_Jogada               008D            LABEL
	Cria_monstro                     0090            LABEL
	CRIAR                            0098            LABEL
	Temp_Pac                         00A7            LABEL
	EscDisplay                       00B5            LABEL
	LimpaJanela                      00B7            LABEL
	EscCar                           00BE            LABEL
	EscString                        00C1            LABEL
	Ciclo                            00C8            LABEL
	FimEsc                           00D3            LABEL
	Random_Gen                       00D7            LABEL
	Bit1NZ                           00DF            LABEL
	End_Random                       00E2            LABEL
	CLRLCD                           00E6            LABEL
	Print_Labi                       00ED            LABEL
	Loop_labirinto                   00FA            LABEL
	UpDate_Display                   0134            LABEL
	PacMan_Aleat                     0146            LABEL
	WAIT                             0167            LABEL
	UNTIL                            016A            LABEL
	Monsters_Aleat                   0177            LABEL
	GERA                             0180            LABEL
	InitInt                          019F            LABEL
	inicio                           01C5            LABEL
	Reinicia                         01CB            LABEL
	COR                              01D0            LABEL
	NoUpDateDisplay                  01D5            LABEL
	Em_Pausa                         01EB            LABEL
	Fim                              01FA            LABEL
