
	            G L O B A L   R E F E R E N C E S

	             Name               Value        Type
	==============================|=======|===============
	PAC_MAN                          0040         CONSTANT
	MONSTER                          0058         CONSTANT
	BONUS                            0023         CONSTANT
	RANDOM_MASK                      9C16         CONSTANT
	SP_INICIAL                       FDFF         CONSTANT
	DISP7S1                          FFF0         CONSTANT
	DISP7S2                          FFF1         CONSTANT
	DISP7S3                          FFF2         CONSTANT
	LCD_WRITE                        FFF5         CONSTANT
	LCD_CURSOR                       FFF4         CONSTANT
	LEDS                             FFF8         CONSTANT
	INTERRUPTORES                    FFF9         CONSTANT
	IO_CURSOR                        FFFC         CONSTANT
	IO_WRITE                         FFFE         CONSTANT
	LIMPAR_JANELA                    FFFF         CONSTANT
	FIM_TEXTO                        0024         CONSTANT
	TAB_INT0                         FE00         CONSTANT
	TAB_INT2                         FE02         CONSTANT
	TAB_INT4                         FE04         CONSTANT
	TAB_INT6                         FE06         CONSTANT
	TAB_INT8                         FE08         CONSTANT
	TAB_INTA                         FE0A         CONSTANT
	TAB_INTB                         FE0B         CONSTANT
	TAB_INTC                         FE0C         CONSTANT
	TAB_INTTemp                      FE0F         CONSTANT
	PORTMASCARA_INT                  FFFA         CONSTANT
	TempValor                        FFF6         CONSTANT
	TempControlo                     FFF7         CONSTANT
	PacMan                           8000           STRING
	Monsters                         8002           STRING
	MonstersOLD                      8006           STRING
	PacMan_Vidas                     800A         VARIABLE
	PacMan_Pontos                    800B         VARIABLE
	Num_Monsters                     800C         VARIABLE
	RandomWord                       800D         VARIABLE
	VLinha1                          800E           STRING
	VLinha2                          8041           STRING
	VLinha3                          8074           STRING
	VLinha4                          80A7           STRING
	VLinha5                          80DA           STRING
	VLinha6                          810D           STRING
	VLinha7                          8140           STRING
	VLinha8                          8173           STRING
	VLinha9                          81A6           STRING
	VLinha10                         81D9           STRING
	VLinha11                         820C           STRING
	VLinha12                         823F           STRING
	VLinha13                         8272           STRING
	VLinha14                         82A5           STRING
	VLinha15                         82D8           STRING
	Titulo                           830B           STRING
	Vidas                            8328           STRING
	Pontos                           8330           STRING
	LCDLinha0                        8339           STRING
	LCDLinha1                        8341           STRING
	Clock_Tic                        8349         VARIABLE
	N_to_Display                     834A         VARIABLE
	Update_Display                   834B         VARIABLE
	Pausa                            834C         VARIABLE
	Temp_Pac                         0002            LABEL
	MoveUp_Pac                       0010            LABEL
	MoveDown_Pac                     001A            LABEL
	MoveLeft_Pac                     002A            LABEL
	MoveRight_Pac                    002C            LABEL
	EscDisplay                       002E            LABEL
	LimpaJanela                      0030            LABEL
	EscCar                           0037            LABEL
	EscString                        003A            LABEL
	Ciclo                            0041            LABEL
	FimEsc                           004C            LABEL
	Random_Gen                       0050            LABEL
	Bit1NZ                           0058            LABEL
	End_Random                       005B            LABEL
	CLRLCD                           005F            LABEL
	Print_Labi                       0066            LABEL
	Loop_labirinto                   0073            LABEL
	UpDate_Display                   0081            LABEL
	PacMan_Aleat                     0093            LABEL
	Check_Y                          00A9            LABEL
	DisplayPacman                    00AE            LABEL
	InitInt                          00BA            LABEL
	inicio                           00D4            LABEL
	Reinicia                         00DA            LABEL
	NoUpDateDisplay                  00DF            LABEL
	Em_Pausa                         00F6            LABEL
	Fim                              00FD            LABEL
