
	            G L O B A L   R E F E R E N C E S

	             Name               Value        Type
	==============================|=======|===============
	PAC_MAN                          0040         CONSTANT
	MONSTER                          0058         CONSTANT
	BONUS                            0023         CONSTANT
	NOTHING                          0020         CONSTANT
	RAMDOM_MASK                      9C16         CONSTANT
	SP_INICIAL                       FDFF         CONSTANT
	DISP7S1                          FFF0         CONSTANT
	DISP7S2                          FFF1         CONSTANT
	DISP7S3                          FFF2         CONSTANT
	LCD_WRITE                        FFF5         CONSTANT
	LCD_CURSOR                       FFF4         CONSTANT
	LEDS                             FFF8         CONSTANT
	INTERRUPTORES                    FFF9         CONSTANT
	IO_CURSOR                        FFFC         CONSTANT
	IO_WRITE                         FFFE         CONSTANT
	LIMPAR_JANELA                    FFFF         CONSTANT
	FIM_TEXTO                        0024         CONSTANT
	TAB_INT0                         FE00         CONSTANT
	TAB_INT2                         FE02         CONSTANT
	TAB_INT4                         FE04         CONSTANT
	TAB_INT6                         FE06         CONSTANT
	TAB_INT8                         FE08         CONSTANT
	TAB_INTA                         FE0A         CONSTANT
	TAB_INTB                         FE0B         CONSTANT
	TAB_INTC                         FE0C         CONSTANT
	TAB_INTTemp                      FE0F         CONSTANT
	PORTMASCARA_INT                  FFFA         CONSTANT
	TempValor                        FFF6         CONSTANT
	TempControlo                     FFF7         CONSTANT
	PacMan                           8000           STRING
	Monsters                         8002           STRING
	MonstersOLD                      8006           STRING
	BONUS_POS                        800A         VARIABLE
	SUPER_PacMan                     800B         VARIABLE
	BONUS_TEMP                       800C         VARIABLE
	CountDown                        800D           STRING
	Mexe_PacMan                      800F         VARIABLE
	PacMan_Vidas                     8010           STRING
	Num_Monsters                     8012         VARIABLE
	Score                            8013           STRING
	LCD                              8015           STRING
	RandomWord                       8016         VARIABLE
	VLinha1                          8017           STRING
	VLinha2                          804A           STRING
	VLinha3                          807D           STRING
	VLinha4                          80B0           STRING
	VLinha5                          80E3           STRING
	VLinha6                          8116           STRING
	VLinha7                          8149           STRING
	VLinha8                          817C           STRING
	VLinha9                          81AF           STRING
	VLinha10                         81E2           STRING
	VLinha11                         8215           STRING
	VLinha12                         8248           STRING
	VLinha13                         827B           STRING
	VLinha14                         82AE           STRING
	VLinha15                         82E1           STRING
	TLinha1                          8314           STRING
	TLinha2                          8347           STRING
	TLinha3                          837A           STRING
	TLinha4                          83AD           STRING
	TLinha5                          83E0           STRING
	TLinha6                          8413           STRING
	TLinha7                          8446           STRING
	TLinha8                          8479           STRING
	TLinha9                          84AC           STRING
	TLinha10                         84DF           STRING
	TLinha11                         8512           STRING
	TLinha12                         8545           STRING
	TLinha13                         8578           STRING
	TLinha14                         85AB           STRING
	TLinha15                         85DE           STRING
	Titulo                           8611           STRING
	Vidas                            862E           STRING
	Pontos                           8637           STRING
	LCDLinha0                        8641           STRING
	LCDLinha1                        8649           STRING
	Clock_Tic                        8651         VARIABLE
	Clock                            8652         VARIABLE
	N_to_Display                     8653           STRING
	Update_Display                   8655         VARIABLE
	Pausa                            8656         VARIABLE
	Particulas                       8657           STRING
	Pausa_Pac                        0005            LABEL
	MoveDown_PacMan                  000F            LABEL
	FIM_Do_MoveDown_Pac              002B            LABEL
	MoveDown_Pac                     002F            LABEL
	MoveLeft_PacMan                  0037            LABEL
	FIM_Do_MoveLeft_Pac              0053            LABEL
	MoveLeft_Pac                     0057            LABEL
	MoveRight_PacMan                 005F            LABEL
	FIM_Do_MoveRight_Pac             007B            LABEL
	MoveRight_Pac                    007F            LABEL
	MoveUp_PacMan                    0087            LABEL
	FIM_Do_MoveUp_Pac                00A3            LABEL
	MoveUp_Pac                       00A7            LABEL
	remove_ponto                     00AF            LABEL
	FIM_REMOVE                       00D6            LABEL
	Ponto_Bonus                      00E3            LABEL
	Fim_Bonus                        00F6            LABEL
	BONUS_COMIDA                     00F8            LABEL
	LOOP_clock                       00FC            LABEL
	IMPRIME                          0102            LABEL
	PRINT_NADA                       0109            LABEL
	PRINT_BONUS                      0117            LABEL
	FIM_BONUS                        0125            LABEL
	PacMan_Comeu_Bicho               0128            LABEL
	loop_bicho                       0130            LABEL
	mesma_posicao                    0137            LABEL
	exit_success                     013E            LABEL
	O_Super_PacMan_comeu_o_bicho     0142            LABEL
	O_PacMan_foi_comido_pelo_bicho   014E            LABEL
	CountDown10                      016D            LABEL
	guarda_valor                     017F            LABEL
	PacMan_normal                    0182            LABEL
	FIM_countdown                    0184            LABEL
	Validar_Jogadas                  0186            LABEL
	FIM                              01A3            LABEL
	Atualizar_Posicao_PacMan         01A8            LABEL
	Atualizar_Posicao_Monstro        01B4            LABEL
	Temp_Pac                         01C0            LABEL
	EscDisplay                       01D0            LABEL
	LimpaJanela                      01D2            LABEL
	EscCar                           01D9            LABEL
	EscString                        01DC            LABEL
	Ciclo                            01E3            LABEL
	FimEsc                           01EE            LABEL
	CLRLCD                           01F2            LABEL
	Print_Labi                       01F9            LABEL
	Loop_labirinto                   0206            LABEL
	Reset_Labi                       0214            LABEL
	LOOP_LABI                        021F            LABEL
	Print_Stats                      022D            LABEL
	UpDate_Display                   0281            LABEL
	SEPARAR_NUMEROS                  029C            LABEL
	LCD3                             02A2            LABEL
	Inc_LCD3                         02A4            LABEL
	LCD2                             02AA            LABEL
	Inc_LCD2                         02AC            LABEL
	LCD1                             02B2            LABEL
	Inc_LCD1                         02B4            LABEL
	FIM_SEPARAR_NUMEROS              02BA            LABEL
	Conversor_para_ASCII             02BD            LABEL
	LOOP_ASCII                       02C9            LABEL
	Stage_Two                        02CF            LABEL
	Stage_Three                      02D3            LABEL
	Bits_na_direita                  02D5            LABEL
	Escrita_no_LCD                   02DB            LABEL
	Random_Gen                       02EC            LABEL
	PONTO_2R                         02F5            LABEL
	FIM_RAND                         02F7            LABEL
	MOV_Aleat                        02FC            LABEL
	Inicio_                          0304            LABEL
	adiciona                         0313            LABEL
	subtrai                          0315            LABEL
	continua                         0316            LABEL
	FIM_Do_MOV_Aleat                 0324            LABEL
	RESET_VARIAVEIS                  0332            LABEL
	monsters_reset                   034F            LABEL
	RenderBichos                     035A            LABEL
	Render_Monsters                  0369            LABEL
	RenderScore                      0379            LABEL
	FIM_SCORE                        038A            LABEL
	InitInt                          038D            LABEL
	inicio                           03B7            LABEL
	Reinicia                         03BD            LABEL
	NoUpDateDisplay                  03C6            LABEL
	Em_Pausa                         03F2            LABEL
	Fim                              0401            LABEL
