
	            G L O B A L   R E F E R E N C E S

	             Name               Value        Type
	==============================|=======|===============
	PAC_MAN                          0040         CONSTANT
	MONSTER                          0058         CONSTANT
	BONUS                            0023         CONSTANT
	NOTHING                          0020         CONSTANT
	RAMDOM_MASK                      9C16         CONSTANT
	SP_INICIAL                       FDFF         CONSTANT
	DISP7S1                          FFF0         CONSTANT
	DISP7S2                          FFF1         CONSTANT
	DISP7S3                          FFF2         CONSTANT
	LCD_WRITE                        FFF5         CONSTANT
	LCD_CURSOR                       FFF4         CONSTANT
	LEDS                             FFF8         CONSTANT
	INTERRUPTORES                    FFF9         CONSTANT
	IO_CURSOR                        FFFC         CONSTANT
	IO_WRITE                         FFFE         CONSTANT
	LIMPAR_JANELA                    FFFF         CONSTANT
	FIM_TEXTO                        0024         CONSTANT
	TAB_INT0                         FE00         CONSTANT
	TAB_INT2                         FE02         CONSTANT
	TAB_INT4                         FE04         CONSTANT
	TAB_INT6                         FE06         CONSTANT
	TAB_INT8                         FE08         CONSTANT
	TAB_INTA                         FE0A         CONSTANT
	TAB_INTB                         FE0B         CONSTANT
	TAB_INTC                         FE0C         CONSTANT
	TAB_INTTemp                      FE0F         CONSTANT
	PORTMASCARA_INT                  FFFA         CONSTANT
	TempValor                        FFF6         CONSTANT
	TempControlo                     FFF7         CONSTANT
	PacMan                           8000           STRING
	Monsters                         8002           STRING
	MonstersOLD                      8006           STRING
	BONUS_POS                        800A         VARIABLE
	SUPER_PacMan                     800B         VARIABLE
	BONUS_TEMP                       800C         VARIABLE
	CountDown                        800D           STRING
	Mexe_PacMan                      800F         VARIABLE
	PacMan_Vidas                     8010           STRING
	Num_Monsters                     8012         VARIABLE
	Score                            8013           STRING
	LCD_POS                          8015           STRING
	MODO                             8019         VARIABLE
	RandomWord                       801A         VARIABLE
	VLinha1                          801B           STRING
	VLinha2                          804E           STRING
	VLinha3                          8081           STRING
	VLinha4                          80B4           STRING
	VLinha5                          80E7           STRING
	VLinha6                          811A           STRING
	VLinha7                          814D           STRING
	VLinha8                          8180           STRING
	VLinha9                          81B3           STRING
	VLinha10                         81E6           STRING
	VLinha11                         8219           STRING
	VLinha12                         824C           STRING
	VLinha13                         827F           STRING
	VLinha14                         82B2           STRING
	VLinha15                         82E5           STRING
	TLinha1                          8318           STRING
	TLinha2                          834B           STRING
	TLinha3                          837E           STRING
	TLinha4                          83B1           STRING
	TLinha5                          83E4           STRING
	TLinha6                          8417           STRING
	TLinha7                          844A           STRING
	TLinha8                          847D           STRING
	TLinha9                          84B0           STRING
	TLinha10                         84E3           STRING
	TLinha11                         8516           STRING
	TLinha12                         8549           STRING
	TLinha13                         857C           STRING
	TLinha14                         85AF           STRING
	TLinha15                         85E2           STRING
	Mensagem                         8615           STRING
	Titulo                           8664           STRING
	Perdi                            8681           STRING
	INFO                             86B3           STRING
	Vidas                            86D7           STRING
	Pontos                           86E0           STRING
	LCDLinha0                        86EA           STRING
	LCDLinha1                        86F6           STRING
	RITMO                            86FE           STRING
	Clock_Tic                        8702         VARIABLE
	Clock                            8703         VARIABLE
	N_to_Display                     8704           STRING
	Update_Display                   8706         VARIABLE
	Pausa                            8707         VARIABLE
	Particulas                       8708           STRING
	Pausa_Pac                        0005            LABEL
	MoveDown_PacMan                  000F            LABEL
	FIM_Do_MoveDown_Pac              002B            LABEL
	MoveDown_Pac                     0031            LABEL
	MoveLeft_PacMan                  0039            LABEL
	FIM_Do_MoveLeft_Pac              0053            LABEL
	MoveLeft_Pac                     0057            LABEL
	MoveRight_PacMan                 005F            LABEL
	FIM_Do_MoveRight_Pac             0079            LABEL
	MoveRight_Pac                    007D            LABEL
	MoveUp_PacMan                    0085            LABEL
	FIM_Do_MoveUp_Pac                009F            LABEL
	MoveUp_Pac                       00A3            LABEL
	Temp_Pac                         00AB            LABEL
	CLO                              00B3            LABEL
	MON                              00C0            LABEL
	Modo_basico                      00C9            LABEL
	Modo_avancado                    00D1            LABEL
	remove_ponto                     00D9            LABEL
	FIM_REMOVE                       0100            LABEL
	Ponto_Bonus                      010D            LABEL
	Fim_Bonus                        0120            LABEL
	BONUS_COMIDA                     0122            LABEL
	LOOP_clock                       0126            LABEL
	IMPRIME                          012C            LABEL
	PRINT_NADA                       0133            LABEL
	PRINT_BONUS                      0141            LABEL
	FIM_BONUS                        014F            LABEL
	PacMan_Comeu_Bicho               0152            LABEL
	loop_bicho                       015A            LABEL
	mesma_posicao                    0161            LABEL
	morte_pac                        0168            LABEL
	exit_success                     016A            LABEL
	O_Super_PacMan_comeu_o_bicho     016E            LABEL
	O_PacMan_foi_comido_pelo_bicho   017A            LABEL
	CountDown10                      0199            LABEL
	guarda_valor                     01AB            LABEL
	PacMan_normal                    01AE            LABEL
	FIM_countdown                    01B0            LABEL
	Validar_Jogadas                  01B2            LABEL
	FIM                              01D1            LABEL
	Atualizar_Posicao_PacMan         01D6            LABEL
	Atualizar_Posicao_Monstro        01E2            LABEL
	modo_de_jogo                     01EE            LABEL
	modo_basico                      01F8            LABEL
	fim_funcao                       01FA            LABEL
	modo_inteligente_xx              01FC            LABEL
	ciclo_monstros_xx                0209            LABEL
	move_right                       0215            LABEL
	move_left                        0222            LABEL
	fim_modo_int_xx                  022E            LABEL
	modo_inteligente_yy              0239            LABEL
	ciclo_monstros_yy                0245            LABEL
	move_down                        024E            LABEL
	move_up                          025B            LABEL
	fim_modo_int_yy                  0267            LABEL
	EscDisplay                       0272            LABEL
	LimpaJanela                      0274            LABEL
	EscCar                           027B            LABEL
	EscString                        027E            LABEL
	Ciclo                            0285            LABEL
	FimEsc                           0290            LABEL
	EscCar_lcd                       0294            LABEL
	EscString_lcd                    0297            LABEL
	Ciclo_lcd                        029E            LABEL
	FimEsc_lcd                       02A9            LABEL
	CLRLCD                           02AD            LABEL
	Print_Labi                       02B4            LABEL
	Loop_labirinto                   02C1            LABEL
	Reset_Labi                       02CF            LABEL
	LOOP_LABI                        02DA            LABEL
	Print_Stats                      02E8            LABEL
	Escrita_no_LCD                   033C            LABEL
	UpDate_Display                   0369            LABEL
	SEPARAR_NUMEROS                  0384            LABEL
	LCD3                             038A            LABEL
	Inc_LCD3                         038C            LABEL
	LCD2                             0392            LABEL
	Inc_LCD2                         0394            LABEL
	LCD1                             039A            LABEL
	Inc_LCD1                         039C            LABEL
	FIM_SEPARAR_NUMEROS              03A2            LABEL
	Conversor_para_ASCII             03A5            LABEL
	LOOP_ASCII                       03AF            LABEL
	Stage_Two                        03B5            LABEL
	Stage_Three                      03B9            LABEL
	Bits_na_direita                  03BB            LABEL
	Write_LCD                        03C1            LABEL
	Random_Gen                       03D2            LABEL
	PONTO_2R                         03DB            LABEL
	FIM_RAND                         03DD            LABEL
	MOV_Aleat                        03E2            LABEL
	Inicio_                          03EA            LABEL
	adiciona                         03F9            LABEL
	subtrai                          03FB            LABEL
	continua                         03FC            LABEL
	FIM_Do_MOV_Aleat                 040A            LABEL
	RESET_VARIAVEIS                  0418            LABEL
	monsters_reset                   0435            LABEL
	RenderBichos                     0440            LABEL
	Render_Monsters                  044F            LABEL
	RenderScore                      045F            LABEL
	FIM_SCORE                        0470            LABEL
	escolher_modo                    0473            LABEL
	loop_escolha                     0479            LABEL
	informacoes                      0483            LABEL
	InitInt                          048E            LABEL
	inicio                           04C0            LABEL
	Reinicia                         04C6            LABEL
	NoUpDateDisplay                  04DC            LABEL
	MOVIM                            04FF            LABEL
	SALTA                            050B            LABEL
	MOVI                             050F            LABEL
	STEP1                            0516            LABEL
	STEP2                            051D            LABEL
	INICI                            0523            LABEL
	Em_Pausa                         0524            LABEL
	Fim                              0536            LABEL
