
	            G L O B A L   R E F E R E N C E S

	             Name               Value        Type
	==============================|=======|===============
	PAC_MAN                          0040         CONSTANT
	MONSTER                          0058         CONSTANT
	BONUS                            0023         CONSTANT
	NOTHING                          0020         CONSTANT
	RANDOM_MASK                      9C16         CONSTANT
	SP_INICIAL                       FDFF         CONSTANT
	DISP7S1                          FFF0         CONSTANT
	DISP7S2                          FFF1         CONSTANT
	DISP7S3                          FFF2         CONSTANT
	LCD_WRITE                        FFF5         CONSTANT
	LCD_CURSOR                       FFF4         CONSTANT
	LEDS                             FFF8         CONSTANT
	INTERRUPTORES                    FFF9         CONSTANT
	IO_CURSOR                        FFFC         CONSTANT
	IO_WRITE                         FFFE         CONSTANT
	LIMPAR_JANELA                    FFFF         CONSTANT
	FIM_TEXTO                        0024         CONSTANT
	TAB_INT0                         FE00         CONSTANT
	TAB_INT2                         FE02         CONSTANT
	TAB_INT4                         FE04         CONSTANT
	TAB_INT6                         FE06         CONSTANT
	TAB_INT8                         FE08         CONSTANT
	TAB_INTA                         FE0A         CONSTANT
	TAB_INTB                         FE0B         CONSTANT
	TAB_INTC                         FE0C         CONSTANT
	TAB_INTTemp                      FE0F         CONSTANT
	PORTMASCARA_INT                  FFFA         CONSTANT
	TempValor                        FFF6         CONSTANT
	TempControlo                     FFF7         CONSTANT
	PacMan                           8000           STRING
	Monsters                         8002           STRING
	MonstersOLD                      8006           STRING
	Mexe_PacMan                      800A         VARIABLE
	PacMan_Vidas                     800B         VARIABLE
	PacMan_Pontos                    800C         VARIABLE
	Num_Monsters                     800D         VARIABLE
	RandomWord                       800E         VARIABLE
	VLinha1                          800F           STRING
	VLinha2                          8042           STRING
	VLinha3                          8075           STRING
	VLinha4                          80A8           STRING
	VLinha5                          80DB           STRING
	VLinha6                          810E           STRING
	VLinha7                          8141           STRING
	VLinha8                          8174           STRING
	VLinha9                          81A7           STRING
	VLinha10                         81DA           STRING
	VLinha11                         820D           STRING
	VLinha12                         8240           STRING
	VLinha13                         8273           STRING
	VLinha14                         82A6           STRING
	VLinha15                         82D9           STRING
	Titulo                           830C           STRING
	Vidas                            8329           STRING
	Pontos                           8331           STRING
	LCDLinha0                        833A           STRING
	LCDLinha1                        8342           STRING
	Clock_Tic                        834A         VARIABLE
	N_to_Display                     834B           STRING
	Update_Display                   834D         VARIABLE
	Pausa                            834E         VARIABLE
	Particulas                       834F           STRING
	Pausa_Pac                        0005            LABEL
	MoveDown_PacMan                  000F            LABEL
	FIM_Do_MoveDown_Pac              0031            LABEL
	MoveDown_Pac                     0036            LABEL
	MoveLeft_PacMan                  003E            LABEL
	FIM_Do_MoveLeft_Pac              0060            LABEL
	MoveLeft_Pac                     0065            LABEL
	MoveRight_PacMan                 006D            LABEL
	FIM_Do_MoveRight_Pac             008F            LABEL
	MoveRight_Pac                    0094            LABEL
	MoveUp_PacMan                    009C            LABEL
	FIM_Do_MoveUp_Pac                00BE            LABEL
	MoveUp_Pac                       00C3            LABEL
	Validar_Jogadas                  00CB            LABEL
	FIM                              00E8            LABEL
	Atualizar_Posicao_PacMan         00ED            LABEL
	Temp_Pac                         00F7            LABEL
	EscDisplay                       0105            LABEL
	LimpaJanela                      0107            LABEL
	EscCar                           010E            LABEL
	EscString                        0111            LABEL
	Ciclo                            0118            LABEL
	FimEsc                           0123            LABEL
	Random_Gen                       0127            LABEL
	Bit1NZ                           012F            LABEL
	End_Random                       0132            LABEL
	CLRLCD                           0136            LABEL
	Print_Labi                       013D            LABEL
	Loop_labirinto                   014A            LABEL
	UpDate_Display                   0166            LABEL
	SEPARAR_NUMEROS                  0181            LABEL
	LCD3                             0187            LABEL
	Inc_LCD3                         0189            LABEL
	LCD2                             018F            LABEL
	Inc_LCD2                         0191            LABEL
	LCD1                             0197            LABEL
	Inc_LCD1                         0199            LABEL
	FIM_SEPARAR_NUMEROS              019F            LABEL
	Conversor_para_ASCII             01A2            LABEL
	LOOP_ASCII                       01AD            LABEL
	Stage_Two                        01B3            LABEL
	Stage_Three                      01B7            LABEL
	Bits_na_direita                  01B9            LABEL
	Escrita_no_LCD                   01BF            LABEL
	PacMan_Aleat                     01CF            LABEL
	Check_Y                          01E5            LABEL
	DisplayPacman                    01EA            LABEL
	InitInt                          01F6            LABEL
	inicio                           0220            LABEL
	Reinicia                         0226            LABEL
	NoUpDateDisplay                  0237            LABEL
	XY                               024F            LABEL
	Em_Pausa                         0268            LABEL
	Fim                              0277            LABEL
